<?xml version="1.0" encoding="UTF-8"?>
<!-- Generated by org.testng.reporters.JUnitXMLReporter -->
<testsuite ignored="4" hostname="DESKTOP-H4BH8MQ" failures="0" tests="2" name="TestCase1" time="19.475" errors="0" timestamp="2024-09-16T20:21:24 IST">
  <testcase classname="testQA.elementsAccordion" name="verifyElementAccorionIsOpen" time="0.315"/>
  <testcase classname="testQA.validateHomePageFields" name="verifyElementCardLabel" time="0.073"/>
  <testcase classname="testQA.elementsAccordion" name="verifyElementAccordionIsClosed" time="0.0">
    <ignored/>
  </testcase> <!-- verifyElementAccordionIsClosed -->
  <testcase classname="testQA.validateHomePageFields" name="verifyElementcardIsDisplayed" time="0.0">
    <ignored/>
  </testcase> <!-- verifyElementcardIsDisplayed -->
  <testcase classname="testQA.validateHomePageFields" name="verifyElementcardIsEnabled" time="0.0">
    <ignored/>
  </testcase> <!-- verifyElementcardIsEnabled -->
  <testcase classname="testQA.validateHomePageFields" name="verifyHomePageUrl" time="0.0">
    <ignored/>
  </testcase> <!-- verifyHomePageUrl -->
</testsuite> <!-- TestCase1 -->
