<?xml version="1.0" encoding="UTF-8"?>
<!-- Generated by org.testng.reporters.JUnitXMLReporter -->
<testsuite ignored="0" hostname="DESKTOP-H4BH8MQ" failures="0" tests="4" name="Test QA1: Home Page Vaidation" time="11.956" errors="0" timestamp="2024-09-24T20:25:32 IST">
  <testcase classname="testQA.validateHomePageFields" name="verifyHomePageUrl" time="0.018"/>
  <testcase classname="testQA.validateHomePageFields" name="verifyElementcardIsDisplayed" time="0.084"/>
  <testcase classname="testQA.validateHomePageFields" name="verifyElementcardIsEnabled" time="0.077"/>
  <testcase classname="testQA.validateHomePageFields" name="verifyElementCardLabel" time="0.079"/>
</testsuite> <!-- Test QA1: Home Page Vaidation -->
